app/build/intermediates/manifest_merge_blame_file/debug/manifest-merger-blame-debug-report.txt
1<?xml version="1.0" encoding="utf-8"?>
2<manifest xmlns:android="http://schemas.android.com/apk/res/android"
3    package="com.harsh.biometricapp"
4    android:versionCode="1"
5    android:versionName="1.0" >
6
7    <uses-sdk
8        android:minSdkVersion="23"
8-->src\main\AndroidManifest.xml
9        android:targetSdkVersion="30" />
9-->src\main\AndroidManifest.xml
10
11    <uses-permission android:name="android.permission.USE_BIOMETRIC" />
11-->[androidx.biometric:biometric:1.0.1] AndroidManifest.xml:24:5-72
11-->[androidx.biometric:biometric:1.0.1] AndroidManifest.xml:24:22-69
12    <uses-permission android:name="android.permission.USE_FINGERPRINT" />
12-->[androidx.biometric:biometric:1.0.1] AndroidManifest.xml:25:5-74
12-->[androidx.biometric:biometric:1.0.1] AndroidManifest.xml:25:22-71
13
14    <application
14-->src\main\AndroidManifest.xml:5:5-21:19
15        android:allowBackup="true"
15-->src\main\AndroidManifest.xml:6:9-35
16        android:appComponentFactory="androidx.core.app.CoreComponentFactory"
16-->[androidx.core:core:1.3.2] AndroidManifest.xml:24:18-86
17        android:debuggable="true"
18        android:extractNativeLibs="false"
19        android:icon="@mipmap/ic_launcher"
19-->src\main\AndroidManifest.xml:7:9-43
20        android:label="@string/app_name"
20-->src\main\AndroidManifest.xml:8:9-41
21        android:roundIcon="@mipmap/ic_launcher_round"
21-->src\main\AndroidManifest.xml:9:9-54
22        android:supportsRtl="true"
22-->src\main\AndroidManifest.xml:10:9-35
23        android:testOnly="true"
24        android:theme="@style/Theme.BioMetricApp" >
24-->src\main\AndroidManifest.xml:11:9-50
25        <activity android:name="com.harsh.biometricapp.HomeActivity" />
25-->src\main\AndroidManifest.xml:12:9-49
25-->src\main\AndroidManifest.xml:12:19-47
26        <activity
26-->src\main\AndroidManifest.xml:13:9-20:20
27            android:name="com.harsh.biometricapp.LoginActivity"
27-->src\main\AndroidManifest.xml:13:19-48
28            android:theme="@style/Theme.BioMetricApp.NoActionBar" >
28-->src\main\AndroidManifest.xml:14:13-66
29            <intent-filter>
29-->src\main\AndroidManifest.xml:15:13-19:29
30                <action android:name="android.intent.action.MAIN" />
30-->src\main\AndroidManifest.xml:16:17-69
30-->src\main\AndroidManifest.xml:16:25-66
31
32                <category android:name="android.intent.category.LAUNCHER" />
32-->src\main\AndroidManifest.xml:18:17-77
32-->src\main\AndroidManifest.xml:18:27-74
33            </intent-filter>
34        </activity>
35        <activity
35-->[androidx.biometric:biometric:1.0.1] AndroidManifest.xml:28:9-31:67
36            android:name="androidx.biometric.DeviceCredentialHandlerActivity"
36-->[androidx.biometric:biometric:1.0.1] AndroidManifest.xml:29:13-78
37            android:exported="true"
37-->[androidx.biometric:biometric:1.0.1] AndroidManifest.xml:30:13-36
38            android:theme="@style/DeviceCredentialHandlerTheme" />
38-->[androidx.biometric:biometric:1.0.1] AndroidManifest.xml:31:13-64
39    </application>
40
41</manifest>